{"/home/rafaela/Desktop/Driven/pratica-testes-integracao/src/index.ts": {"path":"/home/rafaela/Desktop/Driven/pratica-testes-integracao/src/index.ts","statementMap":{"0":{"start":{"line":1,"column":0},"end":{"line":1,"column":59}},"1":{"start":{"line":2,"column":0},"end":{"line":2,"column":28}},"2":{"start":{"line":4,"column":0},"end":{"line":4,"column":51}},"3":{"start":{"line":6,"column":0},"end":{"line":6,"column":16}},"4":{"start":{"line":8,"column":12},"end":{"line":8,"column":21}},"5":{"start":{"line":9,"column":0},"end":{"line":9,"column":16}},"6":{"start":{"line":11,"column":0},"end":{"line":11,"column":69}},"7":{"start":{"line":11,"column":52},"end":{"line":11,"column":67}},"8":{"start":{"line":12,"column":0},"end":{"line":12,"column":22}},"9":{"start":{"line":14,"column":0},"end":{"line":14,"column":19}}},"fnMap":{"0":{"name":"(anonymous_7)","decl":{"start":{"line":11,"column":19},"end":{"line":11,"column":20}},"loc":{"start":{"line":11,"column":52},"end":{"line":11,"column":67}}}},"branchMap":{},"s":{"0":2,"1":2,"2":2,"3":2,"4":2,"5":2,"6":2,"7":1,"8":2,"9":2},"f":{"0":1},"b":{}}
,"/home/rafaela/Desktop/Driven/pratica-testes-integracao/src/controllers/fruits-controller.ts": {"path":"/home/rafaela/Desktop/Driven/pratica-testes-integracao/src/controllers/fruits-controller.ts","statementMap":{"0":{"start":{"line":2,"column":0},"end":{"line":2,"column":37}},"1":{"start":{"line":4,"column":0},"end":{"line":4,"column":71}},"2":{"start":{"line":5,"column":0},"end":{"line":5,"column":48}},"3":{"start":{"line":8,"column":17},"end":{"line":8,"column":42}},"4":{"start":{"line":9,"column":2},"end":{"line":9,"column":19}},"5":{"start":{"line":7,"column":0},"end":{"line":7,"column":16}},"6":{"start":{"line":13,"column":13},"end":{"line":13,"column":36}},"7":{"start":{"line":14,"column":2},"end":{"line":14,"column":66}},"8":{"start":{"line":14,"column":20},"end":{"line":14,"column":66}},"9":{"start":{"line":16,"column":2},"end":{"line":22,"column":null}},"10":{"start":{"line":17,"column":18},"end":{"line":17,"column":52}},"11":{"start":{"line":18,"column":4},"end":{"line":18,"column":20}},"12":{"start":{"line":20,"column":4},"end":{"line":20,"column":23}},"13":{"start":{"line":21,"column":4},"end":{"line":21,"column":41}},"14":{"start":{"line":12,"column":0},"end":{"line":12,"column":16}},"15":{"start":{"line":26,"column":16},"end":{"line":26,"column":38}},"16":{"start":{"line":27,"column":2},"end":{"line":33,"column":null}},"17":{"start":{"line":28,"column":4},"end":{"line":28,"column":37}},"18":{"start":{"line":29,"column":4},"end":{"line":29,"column":39}},"19":{"start":{"line":31,"column":4},"end":{"line":31,"column":23}},"20":{"start":{"line":32,"column":4},"end":{"line":32,"column":40}},"21":{"start":{"line":25,"column":0},"end":{"line":25,"column":16}}},"fnMap":{"0":{"name":"getFruits","decl":{"start":{"line":7,"column":16},"end":{"line":7,"column":25}},"loc":{"start":{"line":7,"column":53},"end":{"line":10,"column":1}}},"1":{"name":"getSpecificFruit","decl":{"start":{"line":12,"column":16},"end":{"line":12,"column":32}},"loc":{"start":{"line":12,"column":60},"end":{"line":23,"column":1}}},"2":{"name":"createFruit","decl":{"start":{"line":25,"column":16},"end":{"line":25,"column":27}},"loc":{"start":{"line":25,"column":55},"end":{"line":34,"column":1}}}},"branchMap":{"0":{"loc":{"start":{"line":14,"column":2},"end":{"line":14,"column":66}},"type":"if","locations":[{"start":{"line":14,"column":2},"end":{"line":14,"column":66}}]}},"s":{"0":2,"1":2,"2":2,"3":1,"4":1,"5":2,"6":2,"7":2,"8":1,"9":1,"10":1,"11":0,"12":1,"13":1,"14":2,"15":0,"16":0,"17":0,"18":0,"19":0,"20":0,"21":2},"f":{"0":1,"1":2,"2":0},"b":{"0":[1]}}
,"/home/rafaela/Desktop/Driven/pratica-testes-integracao/src/data/fruits.ts": {"path":"/home/rafaela/Desktop/Driven/pratica-testes-integracao/src/data/fruits.ts","statementMap":{"0":{"start":{"line":3,"column":24},"end":{"line":3,"column":26}},"1":{"start":{"line":5,"column":0},"end":{"line":5,"column":22}}},"fnMap":{},"branchMap":{},"s":{"0":2,"1":2},"f":{},"b":{}}
,"/home/rafaela/Desktop/Driven/pratica-testes-integracao/src/errors/conflict-error.ts": {"path":"/home/rafaela/Desktop/Driven/pratica-testes-integracao/src/errors/conflict-error.ts","statementMap":{"0":{"start":{"line":2,"column":19},"end":{"line":2,"column":40}},"1":{"start":{"line":3,"column":2},"end":{"line":5,"column":null}},"2":{"start":{"line":1,"column":0},"end":{"line":1,"column":16}}},"fnMap":{"0":{"name":"conflictError","decl":{"start":{"line":1,"column":16},"end":{"line":1,"column":29}},"loc":{"start":{"line":1,"column":46},"end":{"line":6,"column":1}}}},"branchMap":{"0":{"loc":{"start":{"line":2,"column":19},"end":{"line":2,"column":40}},"type":"binary-expr","locations":[{"start":{"line":2,"column":19},"end":{"line":2,"column":26}},{"start":{"line":2,"column":30},"end":{"line":2,"column":40}}]}},"s":{"0":0,"1":0,"2":2},"f":{"0":0},"b":{"0":[0,0]}}
,"/home/rafaela/Desktop/Driven/pratica-testes-integracao/src/errors/notfound-error.ts": {"path":"/home/rafaela/Desktop/Driven/pratica-testes-integracao/src/errors/notfound-error.ts","statementMap":{"0":{"start":{"line":2,"column":19},"end":{"line":2,"column":41}},"1":{"start":{"line":3,"column":2},"end":{"line":5,"column":null}},"2":{"start":{"line":1,"column":0},"end":{"line":1,"column":16}}},"fnMap":{"0":{"name":"notFoundError","decl":{"start":{"line":1,"column":16},"end":{"line":1,"column":29}},"loc":{"start":{"line":1,"column":46},"end":{"line":6,"column":1}}}},"branchMap":{"0":{"loc":{"start":{"line":2,"column":19},"end":{"line":2,"column":41}},"type":"binary-expr","locations":[{"start":{"line":2,"column":19},"end":{"line":2,"column":26}},{"start":{"line":2,"column":30},"end":{"line":2,"column":41}}]}},"s":{"0":1,"1":1,"2":2},"f":{"0":1},"b":{"0":[1,1]}}
,"/home/rafaela/Desktop/Driven/pratica-testes-integracao/src/middlewares/schemaValidatorMiddleware.ts": {"path":"/home/rafaela/Desktop/Driven/pratica-testes-integracao/src/middlewares/schemaValidatorMiddleware.ts","statementMap":{"0":{"start":{"line":2,"column":0},"end":{"line":2,"column":37}},"1":{"start":{"line":6,"column":2},"end":{"line":13,"column":4}},"2":{"start":{"line":7,"column":23},"end":{"line":7,"column":48}},"3":{"start":{"line":8,"column":4},"end":{"line":10,"column":null}},"4":{"start":{"line":9,"column":6},"end":{"line":9,"column":99}},"5":{"start":{"line":12,"column":4},"end":{"line":12,"column":11}},"6":{"start":{"line":5,"column":0},"end":{"line":5,"column":16}}},"fnMap":{"0":{"name":"validateSchemaMiddleware","decl":{"start":{"line":5,"column":16},"end":{"line":5,"column":40}},"loc":{"start":{"line":5,"column":61},"end":{"line":14,"column":1}}},"1":{"name":"(anonymous_2)","decl":{"start":{"line":6,"column":9},"end":{"line":6,"column":10}},"loc":{"start":{"line":6,"column":61},"end":{"line":13,"column":3}}}},"branchMap":{"0":{"loc":{"start":{"line":8,"column":4},"end":{"line":10,"column":null}},"type":"if","locations":[{"start":{"line":8,"column":4},"end":{"line":10,"column":null}}]}},"s":{"0":2,"1":2,"2":0,"3":0,"4":0,"5":0,"6":2},"f":{"0":2,"1":0},"b":{"0":[0]}}
,"/home/rafaela/Desktop/Driven/pratica-testes-integracao/src/repositories/fruits-repository.ts": {"path":"/home/rafaela/Desktop/Driven/pratica-testes-integracao/src/repositories/fruits-repository.ts","statementMap":{"0":{"start":{"line":1,"column":0},"end":{"line":1,"column":36}},"1":{"start":{"line":11,"column":2},"end":{"line":11,"column":16}},"2":{"start":{"line":15,"column":2},"end":{"line":17,"column":5}},"3":{"start":{"line":16,"column":4},"end":{"line":16,"column":27}},"4":{"start":{"line":21,"column":2},"end":{"line":23,"column":5}},"5":{"start":{"line":22,"column":4},"end":{"line":22,"column":31}},"6":{"start":{"line":27,"column":13},"end":{"line":27,"column":30}},"7":{"start":{"line":28,"column":2},"end":{"line":28,"column":32}},"8":{"start":{"line":31,"column":25},"end":{"line":36,"column":null}},"9":{"start":{"line":38,"column":0},"end":{"line":38,"column":32}}},"fnMap":{"0":{"name":"getFruits","decl":{"start":{"line":10,"column":9},"end":{"line":10,"column":18}},"loc":{"start":{"line":10,"column":18},"end":{"line":12,"column":1}}},"1":{"name":"getSpecificFruit","decl":{"start":{"line":14,"column":9},"end":{"line":14,"column":25}},"loc":{"start":{"line":14,"column":36},"end":{"line":18,"column":1}}},"2":{"name":"(anonymous_3)","decl":{"start":{"line":15,"column":21},"end":{"line":15,"column":26}},"loc":{"start":{"line":15,"column":29},"end":{"line":17,"column":3}}},"3":{"name":"getSpecificFruitByName","decl":{"start":{"line":20,"column":9},"end":{"line":20,"column":31}},"loc":{"start":{"line":20,"column":44},"end":{"line":24,"column":1}}},"4":{"name":"(anonymous_5)","decl":{"start":{"line":21,"column":21},"end":{"line":21,"column":26}},"loc":{"start":{"line":21,"column":29},"end":{"line":23,"column":3}}},"5":{"name":"insertFruit","decl":{"start":{"line":26,"column":9},"end":{"line":26,"column":20}},"loc":{"start":{"line":26,"column":38},"end":{"line":29,"column":1}}}},"branchMap":{},"s":{"0":2,"1":1,"2":1,"3":0,"4":0,"5":0,"6":0,"7":0,"8":2,"9":2},"f":{"0":1,"1":1,"2":0,"3":0,"4":0,"5":0},"b":{}}
,"/home/rafaela/Desktop/Driven/pratica-testes-integracao/src/routers/fruits-router.ts": {"path":"/home/rafaela/Desktop/Driven/pratica-testes-integracao/src/routers/fruits-router.ts","statementMap":{"0":{"start":{"line":1,"column":0},"end":{"line":1,"column":33}},"1":{"start":{"line":3,"column":0},"end":{"line":3,"column":92}},"2":{"start":{"line":4,"column":0},"end":{"line":4,"column":84}},"3":{"start":{"line":5,"column":0},"end":{"line":5,"column":54}},"4":{"start":{"line":7,"column":21},"end":{"line":7,"column":29}},"5":{"start":{"line":9,"column":0},"end":{"line":9,"column":39}},"6":{"start":{"line":10,"column":0},"end":{"line":10,"column":50}},"7":{"start":{"line":11,"column":0},"end":{"line":11,"column":81}},"8":{"start":{"line":13,"column":0},"end":{"line":13,"column":28}}},"fnMap":{},"branchMap":{},"s":{"0":2,"1":2,"2":2,"3":2,"4":2,"5":2,"6":2,"7":2,"8":2},"f":{},"b":{}}
,"/home/rafaela/Desktop/Driven/pratica-testes-integracao/src/schemas/fruit-schema.ts": {"path":"/home/rafaela/Desktop/Driven/pratica-testes-integracao/src/schemas/fruit-schema.ts","statementMap":{"0":{"start":{"line":1,"column":0},"end":{"line":1,"column":22}},"1":{"start":{"line":4,"column":13},"end":{"line":7,"column":3}}},"fnMap":{},"branchMap":{},"s":{"0":2,"1":2},"f":{},"b":{}}
,"/home/rafaela/Desktop/Driven/pratica-testes-integracao/src/services/fruits-service.ts": {"path":"/home/rafaela/Desktop/Driven/pratica-testes-integracao/src/services/fruits-service.ts","statementMap":{"0":{"start":{"line":1,"column":0},"end":{"line":1,"column":57}},"1":{"start":{"line":2,"column":0},"end":{"line":2,"column":57}},"2":{"start":{"line":3,"column":0},"end":{"line":3,"column":76}},"3":{"start":{"line":8,"column":2},"end":{"line":8,"column":38}},"4":{"start":{"line":12,"column":16},"end":{"line":12,"column":53}},"5":{"start":{"line":13,"column":2},"end":{"line":15,"column":null}},"6":{"start":{"line":14,"column":4},"end":{"line":14,"column":26}},"7":{"start":{"line":17,"column":2},"end":{"line":17,"column":15}},"8":{"start":{"line":21,"column":33},"end":{"line":21,"column":84}},"9":{"start":{"line":22,"column":2},"end":{"line":24,"column":null}},"10":{"start":{"line":23,"column":4},"end":{"line":23,"column":26}},"11":{"start":{"line":26,"column":2},"end":{"line":26,"column":38}},"12":{"start":{"line":29,"column":22},"end":{"line":33,"column":null}},"13":{"start":{"line":35,"column":0},"end":{"line":35,"column":29}}},"fnMap":{"0":{"name":"getFruits","decl":{"start":{"line":7,"column":9},"end":{"line":7,"column":18}},"loc":{"start":{"line":7,"column":18},"end":{"line":9,"column":1}}},"1":{"name":"getSpecificFruit","decl":{"start":{"line":11,"column":9},"end":{"line":11,"column":25}},"loc":{"start":{"line":11,"column":36},"end":{"line":18,"column":1}}},"2":{"name":"createFruit","decl":{"start":{"line":20,"column":9},"end":{"line":20,"column":20}},"loc":{"start":{"line":20,"column":38},"end":{"line":27,"column":1}}}},"branchMap":{"0":{"loc":{"start":{"line":13,"column":2},"end":{"line":15,"column":null}},"type":"if","locations":[{"start":{"line":13,"column":2},"end":{"line":15,"column":null}}]},"1":{"loc":{"start":{"line":22,"column":2},"end":{"line":24,"column":null}},"type":"if","locations":[{"start":{"line":22,"column":2},"end":{"line":24,"column":null}}]}},"s":{"0":2,"1":2,"2":2,"3":1,"4":1,"5":1,"6":1,"7":0,"8":0,"9":0,"10":0,"11":0,"12":2,"13":2},"f":{"0":1,"1":1,"2":0},"b":{"0":[1],"1":[0]}}
,"/home/rafaela/Desktop/Driven/pratica-testes-integracao/src/utils/id-validator.ts": {"path":"/home/rafaela/Desktop/Driven/pratica-testes-integracao/src/utils/id-validator.ts","statementMap":{"0":{"start":{"line":2,"column":2},"end":{"line":2,"column":30}},"1":{"start":{"line":1,"column":0},"end":{"line":1,"column":16}}},"fnMap":{"0":{"name":"isValid","decl":{"start":{"line":1,"column":16},"end":{"line":1,"column":23}},"loc":{"start":{"line":1,"column":34},"end":{"line":3,"column":1}}}},"branchMap":{"0":{"loc":{"start":{"line":2,"column":9},"end":{"line":2,"column":29}},"type":"binary-expr","locations":[{"start":{"line":2,"column":9},"end":{"line":2,"column":19}},{"start":{"line":2,"column":23},"end":{"line":2,"column":29}}]}},"s":{"0":2,"1":2},"f":{"0":2},"b":{"0":[2,1]}}
}
